<?xml version="1.0" encoding="UTF-8"?>
<coverage generated="1649901855955" clover="3.2.0">
  <project timestamp="1649901855956" name="All files">
    <metrics statements="32" coveredstatements="31" conditionals="6" coveredconditionals="3" methods="9" coveredmethods="8" elements="47" coveredelements="42" complexity="0" loc="32" ncloc="32" packages="1" files="1" classes="1"/>
    <file name="Assignments.js" path="C:\WIN_Program\Full Stack 102\Day-33-Jest-Activity\Assignments.js">
      <metrics statements="32" coveredstatements="31" conditionals="6" coveredconditionals="3" methods="9" coveredmethods="8"/>
      <line num="57" count="10" type="stmt"/>
      <line num="58" count="10" type="stmt"/>
      <line num="59" count="10" type="stmt"/>
      <line num="60" count="10" type="stmt"/>
      <line num="61" count="10" type="stmt"/>
      <line num="62" count="10" type="stmt"/>
      <line num="65" count="1" type="stmt"/>
      <line num="69" count="1" type="stmt"/>
      <line num="73" count="1" type="stmt"/>
      <line num="77" count="1" type="cond" truecount="1" falsecount="1"/>
      <line num="85" count="2" type="stmt"/>
      <line num="86" count="2" type="stmt"/>
      <line num="87" count="2" type="stmt"/>
      <line num="88" count="2" type="stmt"/>
      <line num="91" count="0" type="stmt"/>
      <line num="94" count="1" type="cond" truecount="1" falsecount="1"/>
      <line num="97" count="1" type="cond" truecount="1" falsecount="1"/>
      <line num="103" count="1" type="stmt"/>
      <line num="104" count="1" type="stmt"/>
      <line num="106" count="1" type="stmt"/>
      <line num="107" count="1" type="stmt"/>
      <line num="109" count="1" type="stmt"/>
      <line num="110" count="1" type="stmt"/>
      <line num="115" count="1" type="stmt"/>
      <line num="116" count="1" type="stmt"/>
      <line num="118" count="1" type="stmt"/>
      <line num="119" count="1" type="stmt"/>
      <line num="124" count="1" type="stmt"/>
      <line num="126" count="1" type="stmt"/>
      <line num="130" count="1" type="stmt"/>
      <line num="131" count="1" type="stmt"/>
      <line num="133" count="1" type="stmt"/>
    </file>
  </project>
</coverage>
