{"C:\\WIN_Program\\Full Stack 102\\Day-33-Jest-Activity\\Assignments.js": {"path":"C:\\WIN_Program\\Full Stack 102\\Day-33-Jest-Activity\\Assignments.js","statementMap":{"0":{"start":{"line":57,"column":8},"end":{"line":57,"column":25}},"1":{"start":{"line":58,"column":8},"end":{"line":58,"column":33}},"2":{"start":{"line":59,"column":8},"end":{"line":59,"column":45}},"3":{"start":{"line":60,"column":8},"end":{"line":60,"column":28}},"4":{"start":{"line":61,"column":8},"end":{"line":61,"column":23}},"5":{"start":{"line":62,"column":8},"end":{"line":62,"column":45}},"6":{"start":{"line":65,"column":8},"end":{"line":65,"column":60}},"7":{"start":{"line":69,"column":8},"end":{"line":69,"column":101}},"8":{"start":{"line":73,"column":8},"end":{"line":73,"column":70}},"9":{"start":{"line":77,"column":8},"end":{"line":77,"column":95}},"10":{"start":{"line":85,"column":4},"end":{"line":85,"column":71}},"11":{"start":{"line":86,"column":8},"end":{"line":86,"column":39}},"12":{"start":{"line":87,"column":8},"end":{"line":87,"column":48}},"13":{"start":{"line":88,"column":8},"end":{"line":88,"column":41}},"14":{"start":{"line":91,"column":8},"end":{"line":91,"column":70}},"15":{"start":{"line":94,"column":8},"end":{"line":94,"column":130}},"16":{"start":{"line":97,"column":8},"end":{"line":97,"column":119}},"17":{"start":{"line":103,"column":13},"end":{"line":103,"column":91}},"18":{"start":{"line":104,"column":0},"end":{"line":104,"column":27}},"19":{"start":{"line":106,"column":13},"end":{"line":106,"column":93}},"20":{"start":{"line":107,"column":0},"end":{"line":107,"column":28}},"21":{"start":{"line":109,"column":13},"end":{"line":109,"column":89}},"22":{"start":{"line":110,"column":0},"end":{"line":110,"column":29}},"23":{"start":{"line":115,"column":0},"end":{"line":115,"column":27}},"24":{"start":{"line":116,"column":0},"end":{"line":116,"column":26}},"25":{"start":{"line":118,"column":0},"end":{"line":118,"column":39}},"26":{"start":{"line":119,"column":0},"end":{"line":119,"column":37}},"27":{"start":{"line":124,"column":18},"end":{"line":124,"column":135}},"28":{"start":{"line":126,"column":19},"end":{"line":126,"column":134}},"29":{"start":{"line":130,"column":0},"end":{"line":130,"column":40}},"30":{"start":{"line":131,"column":0},"end":{"line":131,"column":44}},"31":{"start":{"line":133,"column":0},"end":{"line":133,"column":22}}},"fnMap":{"0":{"name":"(anonymous_0)","decl":{"start":{"line":56,"column":4},"end":{"line":56,"column":5}},"loc":{"start":{"line":56,"column":76},"end":{"line":63,"column":5}},"line":56},"1":{"name":"(anonymous_1)","decl":{"start":{"line":64,"column":4},"end":{"line":64,"column":5}},"loc":{"start":{"line":64,"column":14},"end":{"line":67,"column":5}},"line":64},"2":{"name":"(anonymous_2)","decl":{"start":{"line":68,"column":4},"end":{"line":68,"column":5}},"loc":{"start":{"line":68,"column":26},"end":{"line":71,"column":5}},"line":68},"3":{"name":"(anonymous_3)","decl":{"start":{"line":72,"column":4},"end":{"line":72,"column":5}},"loc":{"start":{"line":72,"column":13},"end":{"line":75,"column":5}},"line":72},"4":{"name":"(anonymous_4)","decl":{"start":{"line":76,"column":4},"end":{"line":76,"column":5}},"loc":{"start":{"line":76,"column":24},"end":{"line":78,"column":5}},"line":76},"5":{"name":"(anonymous_5)","decl":{"start":{"line":84,"column":4},"end":{"line":84,"column":5}},"loc":{"start":{"line":84,"column":120},"end":{"line":89,"column":5}},"line":84},"6":{"name":"(anonymous_6)","decl":{"start":{"line":90,"column":4},"end":{"line":90,"column":5}},"loc":{"start":{"line":90,"column":22},"end":{"line":92,"column":5}},"line":90},"7":{"name":"(anonymous_7)","decl":{"start":{"line":93,"column":4},"end":{"line":93,"column":5}},"loc":{"start":{"line":93,"column":25},"end":{"line":95,"column":5}},"line":93},"8":{"name":"(anonymous_8)","decl":{"start":{"line":96,"column":4},"end":{"line":96,"column":5}},"loc":{"start":{"line":96,"column":22},"end":{"line":98,"column":5}},"line":96}},"branchMap":{"0":{"loc":{"start":{"line":77,"column":44},"end":{"line":77,"column":83}},"type":"cond-expr","locations":[{"start":{"line":77,"column":66},"end":{"line":77,"column":71}},{"start":{"line":77,"column":74},"end":{"line":77,"column":83}}],"line":77},"1":{"loc":{"start":{"line":94,"column":92},"end":{"line":94,"column":128}},"type":"cond-expr","locations":[{"start":{"line":94,"column":115},"end":{"line":94,"column":121}},{"start":{"line":94,"column":123},"end":{"line":94,"column":128}}],"line":94},"2":{"loc":{"start":{"line":97,"column":32},"end":{"line":97,"column":69}},"type":"cond-expr","locations":[{"start":{"line":97,"column":52},"end":{"line":97,"column":57}},{"start":{"line":97,"column":60},"end":{"line":97,"column":69}}],"line":97}},"s":{"0":10,"1":10,"2":10,"3":10,"4":10,"5":10,"6":1,"7":1,"8":1,"9":1,"10":2,"11":2,"12":2,"13":2,"14":0,"15":1,"16":1,"17":1,"18":1,"19":1,"20":1,"21":1,"22":1,"23":1,"24":1,"25":1,"26":1,"27":1,"28":1,"29":1,"30":1,"31":1},"f":{"0":10,"1":1,"2":1,"3":1,"4":1,"5":2,"6":0,"7":1,"8":1},"b":{"0":[1,0],"1":[1,0],"2":[1,0]},"_coverageSchema":"1a1c01bbd47fc00a2c39e90264f33305004495a9","hash":"1ee22e3590919faf8a8ad3e586b93e9a72179c71"}
}
