TN:
SF:Assignments.js
FN:56,(anonymous_0)
FN:64,(anonymous_1)
FN:68,(anonymous_2)
FN:72,(anonymous_3)
FN:76,(anonymous_4)
FN:84,(anonymous_5)
FN:90,(anonymous_6)
FN:93,(anonymous_7)
FN:96,(anonymous_8)
FNF:9
FNH:8
FNDA:10,(anonymous_0)
FNDA:1,(anonymous_1)
FNDA:1,(anonymous_2)
FNDA:1,(anonymous_3)
FNDA:1,(anonymous_4)
FNDA:2,(anonymous_5)
FNDA:0,(anonymous_6)
FNDA:1,(anonymous_7)
FNDA:1,(anonymous_8)
DA:57,10
DA:58,10
DA:59,10
DA:60,10
DA:61,10
DA:62,10
DA:65,1
DA:69,1
DA:73,1
DA:77,1
DA:85,2
DA:86,2
DA:87,2
DA:88,2
DA:91,0
DA:94,1
DA:97,1
DA:103,1
DA:104,1
DA:106,1
DA:107,1
DA:109,1
DA:110,1
DA:115,1
DA:116,1
DA:118,1
DA:119,1
DA:124,1
DA:126,1
DA:130,1
DA:131,1
DA:133,1
LF:32
LH:31
BRDA:77,0,0,1
BRDA:77,0,1,0
BRDA:94,1,0,1
BRDA:94,1,1,0
BRDA:97,2,0,1
BRDA:97,2,1,0
BRF:6
BRH:3
end_of_record
